::1 - - [17/Jul/2018:12:34:17 -0500] "GET / HTTP/1.1" 200 40964
::1 - - [17/Jul/2018:12:34:17 -0500] "GET /favicon.ico HTTP/1.1" 404 209
::1 - - [17/Jul/2018:12:34:17 -0500] "GET /favicon.ico HTTP/1.1" 404 209
::1 - - [17/Jul/2018:12:34:17 -0500] "GET /apachehaus.ico HTTP/1.1" 200 4286
::1 - - [17/Jul/2018:12:38:48 -0500] "GET / HTTP/1.1" 200 40988
::1 - - [17/Jul/2018:12:38:58 -0500] "GET / HTTP/1.1" 200 40988
::1 - - [17/Jul/2018:12:40:11 -0500] "GET / HTTP/1.1" 200 62
::1 - - [17/Jul/2018:15:20:35 -0500] "GET /index.php HTTP/1.1" 200 62
::1 - - [17/Jul/2018:15:21:08 -0500] "GET /index.php HTTP/1.1" 200 77
::1 - - [17/Jul/2018:15:22:12 -0500] "GET /index.php HTTP/1.1" 200 99
::1 - - [17/Jul/2018:15:22:14 -0500] "GET /index.php HTTP/1.1" 304 -
::1 - - [17/Jul/2018:15:22:16 -0500] "GET /index.php HTTP/1.1" 304 -
::1 - - [17/Jul/2018:15:22:17 -0500] "GET /index.php HTTP/1.1" 304 -
::1 - - [17/Jul/2018:15:27:16 -0500] "GET /index.php HTTP/1.1" 200 24
::1 - - [17/Jul/2018:15:27:30 -0500] "GET /index.php HTTP/1.1" 304 -
::1 - - [17/Jul/2018:15:44:29 -0500] "GET /index.php HTTP/1.1" 200 13
::1 - - [17/Jul/2018:15:44:30 -0500] "GET /index.php HTTP/1.1" 200 13
::1 - - [17/Jul/2018:15:44:33 -0500] "GET /index.php HTTP/1.1" 200 13
::1 - - [17/Jul/2018:15:45:02 -0500] "GET /index.php HTTP/1.1" 200 13
::1 - - [17/Jul/2018:15:45:06 -0500] "GET /index.php HTTP/1.1" 200 13
::1 - - [17/Jul/2018:15:46:07 -0500] "GET /index.php HTTP/1.1" 404 207
::1 - - [17/Jul/2018:15:46:16 -0500] "GET /info.php HTTP/1.1" 200 246
::1 - - [17/Jul/2018:15:47:35 -0500] "GET /info.php HTTP/1.1" 404 206
::1 - - [17/Jul/2018:15:48:34 -0500] "GET /print.php HTTP/1.1" 200 13
::1 - - [17/Jul/2018:15:49:42 -0500] "GET /print.php HTTP/1.1" 200 13
::1 - - [17/Jul/2018:15:55:40 -0500] "GET /print.php HTTP/1.1" 200 13
::1 - - [17/Jul/2018:15:56:47 -0500] "GET /print.php HTTP/1.1" 200 13
::1 - - [17/Jul/2018:15:56:56 -0500] "GET /print.php HTTP/1.1" 200 13
::1 - - [17/Jul/2018:16:01:09 -0500] "GET /print.php HTTP/1.1" 200 13
::1 - - [17/Jul/2018:16:20:02 -0500] "GET /login.php HTTP/1.1" 200 207
::1 - - [17/Jul/2018:16:29:45 -0500] "GET /login.php HTTP/1.1" 200 207
::1 - - [17/Jul/2018:16:29:51 -0500] "GET /login.php HTTP/1.1" 200 207
::1 - - [17/Jul/2018:16:33:07 -0500] "GET /login.php HTTP/1.1" 200 137
::1 - - [17/Jul/2018:16:36:10 -0500] "GET /login.php HTTP/1.1" 200 137
::1 - - [17/Jul/2018:16:36:28 -0500] "GET /print.php HTTP/1.1" 200 13
::1 - - [17/Jul/2018:16:36:33 -0500] "GET /login.php HTTP/1.1" 200 137
::1 - - [17/Jul/2018:16:36:37 -0500] "GET /login.php HTTP/1.1" 200 137
::1 - - [17/Jul/2018:16:36:39 -0500] "GET /login.php HTTP/1.1" 200 137
::1 - - [17/Jul/2018:16:41:02 -0500] "GET /login.php HTTP/1.1" 200 137
::1 - - [17/Jul/2018:18:56:25 -0500] "GET / HTTP/1.1" 200 62
::1 - - [17/Jul/2018:18:56:33 -0500] "GET /print.php HTTP/1.1" 200 13
::1 - - [17/Jul/2018:19:06:05 -0500] "GET /pdo_sqlite3.php HTTP/1.1" 200 21
::1 - - [17/Jul/2018:19:16:39 -0500] "GET /login.php HTTP/1.1" 200 137
::1 - - [17/Jul/2018:19:17:00 -0500] "GET /login.php HTTP/1.1" 200 137
::1 - - [17/Jul/2018:19:17:16 -0500] "GET /login.php HTTP/1.1" 200 137
::1 - - [17/Jul/2018:19:17:32 -0500] "GET /login.php HTTP/1.1" 200 137
::1 - - [17/Jul/2018:19:53:55 -0500] "GET /users.php HTTP/1.1" 200 137
::1 - - [17/Jul/2018:20:00:07 -0500] "GET /users.php HTTP/1.1" 200 137
::1 - - [17/Jul/2018:20:00:09 -0500] "GET /users.php HTTP/1.1" 200 137
::1 - - [17/Jul/2018:20:06:51 -0500] "GET /users.php HTTP/1.1" 200 137
::1 - - [17/Jul/2018:20:07:12 -0500] "GET /users.php HTTP/1.1" 200 137
::1 - - [17/Jul/2018:20:35:45 -0500] "GET /users.php HTTP/1.1" 200 137
::1 - - [17/Jul/2018:20:53:20 -0500] "GET /users.php HTTP/1.1" 200 137
::1 - - [17/Jul/2018:20:53:38 -0500] "GET /print.php HTTP/1.1" 200 13
::1 - - [17/Jul/2018:20:53:50 -0500] "GET /users.php HTTP/1.1" 200 137
::1 - - [17/Jul/2018:20:57:04 -0500] "GET /users.php HTTP/1.1" 200 137
::1 - - [17/Jul/2018:21:08:46 -0500] "GET /users.php HTTP/1.1" 200 137
::1 - - [17/Jul/2018:21:08:48 -0500] "GET /users.php HTTP/1.1" 200 137
::1 - - [17/Jul/2018:21:18:48 -0500] "GET / HTTP/1.1" 200 62
::1 - - [17/Jul/2018:21:18:54 -0500] "GET /users.php HTTP/1.1" 200 137
::1 - - [17/Jul/2018:21:19:00 -0500] "GET /users.php HTTP/1.1" 200 137
::1 - - [18/Jul/2018:12:52:08 -0500] "GET / HTTP/1.1" 200 62
::1 - - [18/Jul/2018:12:52:10 -0500] "GET /favicon.ico HTTP/1.1" 404 209
::1 - - [18/Jul/2018:12:52:10 -0500] "GET /favicon.ico HTTP/1.1" 404 209
::1 - - [18/Jul/2018:12:52:16 -0500] "GET /print.php HTTP/1.1" 200 13
::1 - - [18/Jul/2018:12:52:22 -0500] "GET /users.php HTTP/1.1" 200 137
::1 - - [18/Jul/2018:13:06:44 -0500] "GET /users.php HTTP/1.1" 200 625
::1 - - [18/Jul/2018:13:07:14 -0500] "GET /print.php HTTP/1.1" 200 34
::1 - - [18/Jul/2018:13:10:51 -0500] "GET /phpinfo.php HTTP/1.1" 200 21
::1 - - [18/Jul/2018:13:39:03 -0500] "GET /print.php HTTP/1.1" 200 13
::1 - - [18/Jul/2018:13:39:24 -0500] "GET /phpinfo.php HTTP/1.1" 200 85900
::1 - - [18/Jul/2018:13:39:40 -0500] "GET /users.php HTTP/1.1" 200 137
::1 - - [18/Jul/2018:13:39:53 -0500] "GET /phpinfo.php HTTP/1.1" 200 85299
::1 - - [18/Jul/2018:13:42:32 -0500] "GET /phpinfo.php HTTP/1.1" 200 85301
::1 - - [18/Jul/2018:13:42:36 -0500] "GET /users.php HTTP/1.1" 200 137
::1 - - [18/Jul/2018:13:42:38 -0500] "GET /users.php HTTP/1.1" 200 137
::1 - - [18/Jul/2018:13:42:39 -0500] "GET /users.php HTTP/1.1" 200 137
::1 - - [18/Jul/2018:13:42:42 -0500] "GET /users.php HTTP/1.1" 200 137
::1 - - [18/Jul/2018:13:42:49 -0500] "GET /phpinfo.php HTTP/1.1" 200 85301
::1 - - [18/Jul/2018:13:42:51 -0500] "GET /phpinfo.php HTTP/1.1" 200 85301
::1 - - [18/Jul/2018:13:42:59 -0500] "GET /users.php HTTP/1.1" 200 137
::1 - - [18/Jul/2018:13:43:10 -0500] "GET /users.php HTTP/1.1" 200 137
::1 - - [18/Jul/2018:13:43:10 -0500] "GET /favicon.ico HTTP/1.1" 404 209
::1 - - [18/Jul/2018:13:43:10 -0500] "GET /favicon.ico HTTP/1.1" 404 209
::1 - - [18/Jul/2018:13:43:31 -0500] "GET /phpinfo.php HTTP/1.1" 200 85065
::1 - - [18/Jul/2018:13:44:17 -0500] "GET /users.php HTTP/1.1" 200 137
::1 - - [18/Jul/2018:13:46:59 -0500] "GET /users.php HTTP/1.1" 200 137
::1 - - [18/Jul/2018:13:47:01 -0500] "GET /users.php HTTP/1.1" 200 137
::1 - - [18/Jul/2018:13:47:04 -0500] "GET /phpinfo.php HTTP/1.1" 200 85301
::1 - - [18/Jul/2018:13:50:54 -0500] "GET /phpinfo.php HTTP/1.1" 200 85301
::1 - - [18/Jul/2018:13:50:56 -0500] "GET /users.php HTTP/1.1" 200 137
::1 - - [18/Jul/2018:13:51:59 -0500] "GET /users.php HTTP/1.1" 200 137
::1 - - [18/Jul/2018:13:52:01 -0500] "GET /users.php HTTP/1.1" 200 137
::1 - - [18/Jul/2018:13:52:04 -0500] "GET /phpinfo.php HTTP/1.1" 200 85301
::1 - - [18/Jul/2018:15:59:02 -0500] "GET /users.php HTTP/1.1" 200 137
::1 - - [18/Jul/2018:15:59:05 -0500] "GET /users.php HTTP/1.1" 200 137
::1 - - [18/Jul/2018:16:00:35 -0500] "GET /users.php HTTP/1.1" 200 137
::1 - - [18/Jul/2018:16:00:38 -0500] "GET /phpinfo.php HTTP/1.1" 200 85301
::1 - - [18/Jul/2018:16:00:45 -0500] "GET /users.php HTTP/1.1" 200 137
::1 - - [18/Jul/2018:16:01:26 -0500] "GET /users.php HTTP/1.1" 200 137
::1 - - [18/Jul/2018:16:01:30 -0500] "GET /users.php HTTP/1.1" 200 137
::1 - - [18/Jul/2018:16:03:41 -0500] "GET /users.php HTTP/1.1" 200 137
::1 - - [18/Jul/2018:16:09:40 -0500] "GET /users.php HTTP/1.1" 200 109
::1 - - [19/Jul/2018:13:48:02 -0500] "GET /oracle_clubs.php HTTP/1.1" 200 272
::1 - - [19/Jul/2018:13:48:02 -0500] "GET /favicon.ico HTTP/1.1" 404 209
::1 - - [19/Jul/2018:13:58:16 -0500] "GET /oracle_clubs.php HTTP/1.1" 200 272
::1 - - [19/Jul/2018:15:33:48 -0500] "GET / HTTP/1.1" 200 62
::1 - - [19/Jul/2018:15:33:48 -0500] "GET /favicon.ico HTTP/1.1" 404 209
::1 - - [19/Jul/2018:15:33:48 -0500] "GET /favicon.ico HTTP/1.1" 404 209
::1 - - [19/Jul/2018:15:33:54 -0500] "GET /phpinfo.php HTTP/1.1" 200 81523
::1 - - [19/Jul/2018:15:34:03 -0500] "GET /users.php HTTP/1.1" 200 109
::1 - - [19/Jul/2018:15:35:20 -0500] "GET /oracle_clubs.php HTTP/1.1" 200 272
::1 - - [19/Jul/2018:15:36:20 -0500] "GET /phpinfo.php HTTP/1.1" 200 81523
::1 - - [19/Jul/2018:15:41:12 -0500] "GET /phpinfo.php HTTP/1.1" 200 84675
::1 - - [19/Jul/2018:15:41:15 -0500] "GET /phpinfo.php HTTP/1.1" 200 84912
::1 - - [19/Jul/2018:15:41:22 -0500] "GET /users.php HTTP/1.1" 200 109
::1 - - [19/Jul/2018:15:41:35 -0500] "GET /users.php HTTP/1.1" 200 109
::1 - - [19/Jul/2018:15:41:53 -0500] "GET /oracle_clubs.php HTTP/1.1" 200 272
::1 - - [19/Jul/2018:15:49:17 -0500] "GET /users.php HTTP/1.1" 200 109
::1 - - [19/Jul/2018:15:49:20 -0500] "GET /phpinfo.php HTTP/1.1" 200 84912
::1 - - [19/Jul/2018:15:49:22 -0500] "GET /oracle_clubs.php HTTP/1.1" 200 272
::1 - - [19/Jul/2018:15:49:25 -0500] "GET /oracle_clubs.php HTTP/1.1" 200 272
::1 - - [19/Jul/2018:15:59:51 -0500] "GET /phpinfo.php HTTP/1.1" 200 84783
::1 - - [19/Jul/2018:15:59:54 -0500] "GET /users.php HTTP/1.1" 200 109
::1 - - [19/Jul/2018:15:59:57 -0500] "GET /oracle_clubs.php HTTP/1.1" 200 272
::1 - - [19/Jul/2018:15:59:59 -0500] "GET /oracle_clubs.php HTTP/1.1" 200 272
::1 - - [19/Jul/2018:16:00:00 -0500] "GET /oracle_clubs.php HTTP/1.1" 200 272
::1 - - [19/Jul/2018:16:05:39 -0500] "GET /oracle_clubs.php HTTP/1.1" 200 272
::1 - - [19/Jul/2018:16:34:02 -0500] "GET /oracle_clubs.php HTTP/1.1" 200 272
::1 - - [19/Jul/2018:16:34:35 -0500] "GET /oracle_clubs.php HTTP/1.1" 200 272
::1 - - [19/Jul/2018:16:34:46 -0500] "GET /oracle_clubs.php HTTP/1.1" 200 272
::1 - - [19/Jul/2018:16:49:40 -0500] "GET /oracle_clubs.php HTTP/1.1" 200 10974
::1 - - [16/Aug/2018:18:19:08 -0500] "GET / HTTP/1.1" 200 62
::1 - - [16/Aug/2018:18:19:08 -0500] "GET /favicon.ico HTTP/1.1" 404 209
::1 - - [16/Aug/2018:18:19:08 -0500] "GET /favicon.ico HTTP/1.1" 404 209
::1 - - [16/Aug/2018:18:19:45 -0500] "GET /print.php HTTP/1.1" 200 13
::1 - - [16/Aug/2018:18:19:59 -0500] "GET /entities.html HTTP/1.1" 200 1597
::1 - - [16/Aug/2018:18:19:59 -0500] "GET /jquery-2.1.4/jquery-2.1.4.js HTTP/1.1" 404 226
::1 - - [16/Aug/2018:18:19:59 -0500] "GET /angular-1.3.15/angular.js HTTP/1.1" 404 223
::1 - - [16/Aug/2018:18:19:59 -0500] "GET /entities.js HTTP/1.1" 200 862
::1 - - [16/Aug/2018:18:19:59 -0500] "GET /angular-1.3.15/angular.js HTTP/1.1" 404 223
::1 - - [16/Aug/2018:18:23:31 -0500] "GET /entities.js HTTP/1.1" 200 862
::1 - - [16/Aug/2018:18:24:12 -0500] "GET /print.php HTTP/1.1" 200 13
::1 - - [16/Aug/2018:18:24:22 -0500] "GET /entities.html HTTP/1.1" 304 -
::1 - - [16/Aug/2018:18:24:22 -0500] "GET /jquery-2.1.4/jquery-2.1.4.js HTTP/1.1" 404 226
::1 - - [16/Aug/2018:18:24:22 -0500] "GET /entities.js HTTP/1.1" 304 -
::1 - - [16/Aug/2018:18:24:22 -0500] "GET /angular-1.3.15/angular.js HTTP/1.1" 404 223
::1 - - [16/Aug/2018:18:26:27 -0500] "GET /entities.html HTTP/1.1" 200 1595
::1 - - [16/Aug/2018:18:26:27 -0500] "GET /angular-1.3.15/angular.js HTTP/1.1" 404 223
::1 - - [16/Aug/2018:18:26:27 -0500] "GET /folder.js HTTP/1.1" 200 1733
::1 - - [16/Aug/2018:18:26:27 -0500] "GET /jquery-2.1.4/jquery-2.1.4.js HTTP/1.1" 404 226
::1 - - [16/Aug/2018:18:26:27 -0500] "GET /angular-1.3.15/angular.js HTTP/1.1" 404 223
::1 - - [16/Aug/2018:18:26:36 -0500] "GET /entities.html HTTP/1.1" 304 -
::1 - - [16/Aug/2018:18:26:36 -0500] "GET /jquery-2.1.4/jquery-2.1.4.js HTTP/1.1" 404 226
::1 - - [16/Aug/2018:18:26:36 -0500] "GET /angular-1.3.15/angular.js HTTP/1.1" 404 223
::1 - - [16/Aug/2018:18:26:36 -0500] "GET /folder.js HTTP/1.1" 304 -
::1 - - [16/Aug/2018:18:27:59 -0500] "GET /print.php HTTP/1.1" 200 13
::1 - - [16/Aug/2018:18:28:25 -0500] "GET /entities.ho HTTP/1.1" 404 209
::1 - - [16/Aug/2018:18:28:37 -0500] "GET /print.php HTTP/1.1" 200 13
::1 - - [16/Aug/2018:18:28:18 -0500] "GET /phpinfo.php HTTP/1.1" 200 86236
::1 - - [16/Aug/2018:18:28:46 -0500] "GET /entity.html HTTP/1.1" 404 209
::1 - - [16/Aug/2018:18:28:57 -0500] "GET /entities.html HTTP/1.1" 304 -
::1 - - [16/Aug/2018:18:28:57 -0500] "GET /jquery-2.1.4/jquery-2.1.4.js HTTP/1.1" 404 226
::1 - - [16/Aug/2018:18:28:57 -0500] "GET /angular-1.3.15/angular.js HTTP/1.1" 404 223
::1 - - [16/Aug/2018:18:28:57 -0500] "GET /folder.js HTTP/1.1" 200 1737
::1 - - [16/Aug/2018:18:29:11 -0500] "GET /entities.html HTTP/1.1" 200 1595
::1 - - [16/Aug/2018:18:29:11 -0500] "GET /jquery-2.1.4/jquery-2.1.4.js HTTP/1.1" 404 226
::1 - - [16/Aug/2018:18:29:11 -0500] "GET /angular-1.3.15/angular.js HTTP/1.1" 404 223
::1 - - [16/Aug/2018:18:29:11 -0500] "GET /folder.js HTTP/1.1" 200 1737
::1 - - [16/Aug/2018:18:29:11 -0500] "GET /angular-1.3.15/angular.js HTTP/1.1" 404 223
::1 - - [16/Aug/2018:18:29:29 -0500] "GET /entities.html HTTP/1.1" 304 -
::1 - - [16/Aug/2018:18:29:29 -0500] "GET /jquery-2.1.4/jquery-2.1.4.js HTTP/1.1" 404 226
::1 - - [16/Aug/2018:18:29:29 -0500] "GET /angular-1.3.15/angular.js HTTP/1.1" 404 223
::1 - - [16/Aug/2018:18:29:29 -0500] "GET /folder.js HTTP/1.1" 304 -
::1 - - [16/Aug/2018:18:33:36 -0500] "GET /jquery-2.1.4/jquery-2.1.4.js HTTP/1.1" 404 226
::1 - - [16/Aug/2018:19:03:10 -0500] "GET /entities.html HTTP/1.1" 304 -
::1 - - [16/Aug/2018:19:03:10 -0500] "GET /jquery-2.1.4/jquery-2.1.4.js HTTP/1.1" 404 226
::1 - - [16/Aug/2018:19:03:10 -0500] "GET /angular-1.3.15/angular.js HTTP/1.1" 404 223
::1 - - [16/Aug/2018:19:03:10 -0500] "GET /folder.js HTTP/1.1" 304 -
::1 - - [16/Aug/2018:19:17:59 -0500] "GET / HTTP/1.1" 200 62
::1 - - [16/Aug/2018:19:19:12 -0500] "GET / HTTP/1.1" 200 62
::1 - - [16/Aug/2018:19:20:50 -0500] "GET /entities.html HTTP/1.1" 304 -
::1 - - [16/Aug/2018:19:20:50 -0500] "GET /jquery-2.1.4/jquery-2.1.4.js HTTP/1.1" 404 226
::1 - - [16/Aug/2018:19:20:50 -0500] "GET /angular-1.3.15/angular.js HTTP/1.1" 404 223
::1 - - [16/Aug/2018:19:20:50 -0500] "GET /folder.js HTTP/1.1" 200 1737
::1 - - [16/Aug/2018:19:24:04 -0500] "GET /jquery-2.1.4/jquery-2.1.4.js HTTP/1.1" 404 226
::1 - - [16/Aug/2018:19:25:06 -0500] "GET /angular-1.3.15/angular.js HTTP/1.1" 200 960560
::1 - - [16/Aug/2018:19:25:06 -0500] "GET /folder.js HTTP/1.1" 304 -
::1 - - [16/Aug/2018:19:25:06 -0500] "GET /jquery-2.1.4/jquery-2.1.4.js HTTP/1.1" 200 247597
::1 - - [16/Aug/2018:19:26:21 -0500] "GET /entities.html HTTP/1.1" 200 1587
::1 - - [16/Aug/2018:19:26:21 -0500] "GET /jquery-2.1.4/jquery-2.1.4.js HTTP/1.1" 304 -
::1 - - [16/Aug/2018:19:26:21 -0500] "GET /angular-1.3.15/angular.js HTTP/1.1" 304 -
::1 - - [16/Aug/2018:19:26:21 -0500] "GET /folder.js HTTP/1.1" 200 1733
::1 - - [16/Aug/2018:19:26:32 -0500] "GET /foldersSelect.php HTTP/1.1" 404 215
::1 - - [16/Aug/2018:19:29:05 -0500] "GET /entities.html HTTP/1.1" 304 -
::1 - - [16/Aug/2018:19:29:05 -0500] "GET /jquery-2.1.4/jquery-2.1.4.js HTTP/1.1" 304 -
::1 - - [16/Aug/2018:19:29:05 -0500] "GET /angular-1.3.15/angular.js HTTP/1.1" 304 -
::1 - - [16/Aug/2018:19:29:05 -0500] "GET /folder.js HTTP/1.1" 200 1732
::1 - - [16/Aug/2018:19:29:08 -0500] "GET /folderSelect.php HTTP/1.1" 200 103
::1 - - [16/Aug/2018:19:29:31 -0500] "GET /entities.html HTTP/1.1" 200 1586
::1 - - [16/Aug/2018:19:29:31 -0500] "GET /angular-1.3.15/angular.js HTTP/1.1" 304 -
::1 - - [16/Aug/2018:19:29:31 -0500] "GET /jquery-2.1.4/jquery-2.1.4.js HTTP/1.1" 304 -
::1 - - [16/Aug/2018:19:29:31 -0500] "GET /folder.js HTTP/1.1" 304 -
::1 - - [16/Aug/2018:19:29:33 -0500] "GET /folderSelect.php HTTP/1.1" 200 103
::1 - - [16/Aug/2018:19:29:48 -0500] "GET /entities.html HTTP/1.1" 304 -
::1 - - [16/Aug/2018:19:29:48 -0500] "GET /jquery-2.1.4/jquery-2.1.4.js HTTP/1.1" 304 -
::1 - - [16/Aug/2018:19:29:48 -0500] "GET /angular-1.3.15/angular.js HTTP/1.1" 304 -
::1 - - [16/Aug/2018:19:29:48 -0500] "GET /folder.js HTTP/1.1" 304 -
::1 - - [16/Aug/2018:19:30:48 -0500] "GET /entities.html HTTP/1.1" 304 -
::1 - - [16/Aug/2018:19:30:48 -0500] "GET /jquery-2.1.4/jquery-2.1.4.js HTTP/1.1" 304 -
::1 - - [16/Aug/2018:19:30:48 -0500] "GET /angular-1.3.15/angular.js HTTP/1.1" 304 -
::1 - - [16/Aug/2018:19:30:48 -0500] "GET /folder.js HTTP/1.1" 304 -
::1 - - [16/Aug/2018:19:30:50 -0500] "GET /folderSelect.php HTTP/1.1" 200 104
::1 - - [16/Aug/2018:19:33:11 -0500] "GET /entities.html HTTP/1.1" 304 -
::1 - - [16/Aug/2018:19:33:11 -0500] "GET /jquery-2.1.4/jquery-2.1.4.js HTTP/1.1" 304 -
::1 - - [16/Aug/2018:19:33:11 -0500] "GET /angular-1.3.15/angular.js HTTP/1.1" 304 -
::1 - - [16/Aug/2018:19:33:11 -0500] "GET /folder.js HTTP/1.1" 200 1272
::1 - - [16/Aug/2018:19:33:13 -0500] "GET /folderSelect.php HTTP/1.1" 200 103
::1 - - [16/Aug/2018:19:34:19 -0500] "GET /entities.html HTTP/1.1" 304 -
::1 - - [16/Aug/2018:19:34:19 -0500] "GET /jquery-2.1.4/jquery-2.1.4.js HTTP/1.1" 304 -
::1 - - [16/Aug/2018:19:34:19 -0500] "GET /folder.js HTTP/1.1" 200 1277
::1 - - [16/Aug/2018:19:34:19 -0500] "GET /angular-1.3.15/angular.js HTTP/1.1" 304 -
::1 - - [16/Aug/2018:19:34:21 -0500] "GET /folderSelect.php HTTP/1.1" 200 103
::1 - - [16/Aug/2018:19:34:26 -0500] "GET /entities.html HTTP/1.1" 304 -
::1 - - [16/Aug/2018:19:34:26 -0500] "GET /jquery-2.1.4/jquery-2.1.4.js HTTP/1.1" 304 -
::1 - - [16/Aug/2018:19:34:26 -0500] "GET /angular-1.3.15/angular.js HTTP/1.1" 304 -
::1 - - [16/Aug/2018:19:34:26 -0500] "GET /folder.js HTTP/1.1" 304 -
::1 - - [16/Aug/2018:19:34:29 -0500] "GET /folderSelect.php HTTP/1.1" 200 103
::1 - - [16/Aug/2018:19:35:14 -0500] "GET /entities.html HTTP/1.1" 304 -
::1 - - [16/Aug/2018:19:35:14 -0500] "GET /jquery-2.1.4/jquery-2.1.4.js HTTP/1.1" 304 -
::1 - - [16/Aug/2018:19:35:14 -0500] "GET /angular-1.3.15/angular.js HTTP/1.1" 304 -
::1 - - [16/Aug/2018:19:35:14 -0500] "GET /folder.js HTTP/1.1" 304 -
::1 - - [16/Aug/2018:19:35:16 -0500] "GET /folderSelect.php HTTP/1.1" 200 104
::1 - - [16/Aug/2018:19:36:27 -0500] "GET /entities.html HTTP/1.1" 200 1575
::1 - - [16/Aug/2018:19:36:27 -0500] "GET /jquery-2.1.4/jquery-2.1.4.js HTTP/1.1" 304 -
::1 - - [16/Aug/2018:19:36:27 -0500] "GET /angular-1.3.15/angular.js HTTP/1.1" 304 -
::1 - - [16/Aug/2018:19:36:27 -0500] "GET /folder.js HTTP/1.1" 200 1266
::1 - - [16/Aug/2018:19:37:26 -0500] "GET /entities.html HTTP/1.1" 304 -
::1 - - [16/Aug/2018:19:37:26 -0500] "GET /jquery-2.1.4/jquery-2.1.4.js HTTP/1.1" 304 -
::1 - - [16/Aug/2018:19:37:26 -0500] "GET /angular-1.3.15/angular.js HTTP/1.1" 304 -
::1 - - [16/Aug/2018:19:37:26 -0500] "GET /folder.js HTTP/1.1" 200 1255
::1 - - [16/Aug/2018:19:37:32 -0500] "GET /entities.html HTTP/1.1" 304 -
::1 - - [16/Aug/2018:19:37:32 -0500] "GET /jquery-2.1.4/jquery-2.1.4.js HTTP/1.1" 304 -
::1 - - [16/Aug/2018:19:37:32 -0500] "GET /angular-1.3.15/angular.js HTTP/1.1" 304 -
::1 - - [16/Aug/2018:19:37:32 -0500] "GET /folder.js HTTP/1.1" 304 -
::1 - - [16/Aug/2018:19:37:51 -0500] "GET /entities.html HTTP/1.1" 304 -
::1 - - [16/Aug/2018:19:37:51 -0500] "GET /jquery-2.1.4/jquery-2.1.4.js HTTP/1.1" 304 -
::1 - - [16/Aug/2018:19:37:51 -0500] "GET /angular-1.3.15/angular.js HTTP/1.1" 304 -
::1 - - [16/Aug/2018:19:37:51 -0500] "GET /folder.js HTTP/1.1" 200 1260
::1 - - [16/Aug/2018:19:37:54 -0500] "GET /entities.html HTTP/1.1" 304 -
::1 - - [16/Aug/2018:19:37:54 -0500] "GET /jquery-2.1.4/jquery-2.1.4.js HTTP/1.1" 304 -
::1 - - [16/Aug/2018:19:37:54 -0500] "GET /angular-1.3.15/angular.js HTTP/1.1" 304 -
::1 - - [16/Aug/2018:19:37:55 -0500] "GET /folder.js HTTP/1.1" 304 -
::1 - - [16/Aug/2018:19:38:31 -0500] "GET /entities.html HTTP/1.1" 200 1586
::1 - - [16/Aug/2018:19:38:32 -0500] "GET /jquery-2.1.4/jquery-2.1.4.js HTTP/1.1" 304 -
::1 - - [16/Aug/2018:19:38:32 -0500] "GET /angular-1.3.15/angular.js HTTP/1.1" 304 -
::1 - - [16/Aug/2018:19:38:32 -0500] "GET /folder.js HTTP/1.1" 200 1277
::1 - - [16/Aug/2018:19:39:02 -0500] "GET /folderSelect.php HTTP/1.1" 200 104
::1 - - [16/Aug/2018:19:39:04 -0500] "GET /entities.html HTTP/1.1" 304 -
::1 - - [16/Aug/2018:19:39:04 -0500] "GET /jquery-2.1.4/jquery-2.1.4.js HTTP/1.1" 304 -
::1 - - [16/Aug/2018:19:39:04 -0500] "GET /folder.js HTTP/1.1" 304 -
::1 - - [16/Aug/2018:19:39:04 -0500] "GET /angular-1.3.15/angular.js HTTP/1.1" 304 -
::1 - - [16/Aug/2018:19:39:06 -0500] "GET /folderSelect.php HTTP/1.1" 200 104
::1 - - [16/Aug/2018:19:42:32 -0500] "GET /entities.html HTTP/1.1" 200 1715
::1 - - [16/Aug/2018:19:42:32 -0500] "GET /jquery-2.1.4/jquery-2.1.4.js HTTP/1.1" 304 -
::1 - - [16/Aug/2018:19:42:32 -0500] "GET /angular-1.3.15/angular.js HTTP/1.1" 304 -
::1 - - [16/Aug/2018:19:42:32 -0500] "GET /folder.js HTTP/1.1" 304 -
::1 - - [16/Aug/2018:19:42:32 -0500] "GET /entities.js HTTP/1.1" 200 862
::1 - - [16/Aug/2018:19:43:16 -0500] "GET /entities.html HTTP/1.1" 304 -
::1 - - [16/Aug/2018:19:43:16 -0500] "GET /jquery-2.1.4/jquery-2.1.4.js HTTP/1.1" 304 -
::1 - - [16/Aug/2018:19:43:16 -0500] "GET /angular-1.3.15/angular.js HTTP/1.1" 304 -
::1 - - [16/Aug/2018:19:43:16 -0500] "GET /entities.js HTTP/1.1" 200 861
::1 - - [16/Aug/2018:19:43:16 -0500] "GET /folder.js HTTP/1.1" 304 -
::1 - - [16/Aug/2018:19:43:29 -0500] "GET /entities.html HTTP/1.1" 304 -
::1 - - [16/Aug/2018:19:43:29 -0500] "GET /jquery-2.1.4/jquery-2.1.4.js HTTP/1.1" 304 -
::1 - - [16/Aug/2018:19:43:29 -0500] "GET /angular-1.3.15/angular.js HTTP/1.1" 304 -
::1 - - [16/Aug/2018:19:43:29 -0500] "GET /folder.js HTTP/1.1" 304 -
::1 - - [16/Aug/2018:19:43:29 -0500] "GET /entities.js HTTP/1.1" 200 860
::1 - - [16/Aug/2018:19:47:43 -0500] "GET /entities.html HTTP/1.1" 200 1783
::1 - - [16/Aug/2018:19:47:43 -0500] "GET /angularModule.js HTTP/1.1" 200 34
::1 - - [16/Aug/2018:19:47:43 -0500] "GET /entities.js HTTP/1.1" 200 856
::1 - - [16/Aug/2018:19:47:43 -0500] "GET /folder.js HTTP/1.1" 200 1273
::1 - - [16/Aug/2018:20:54:39 -0500] "GET /folderSelect.php HTTP/1.1" 200 104
::1 - - [16/Aug/2018:20:59:54 -0500] "GET /entities.html HTTP/1.1" 200 1783
::1 - - [16/Aug/2018:20:59:54 -0500] "GET /angularModule.js HTTP/1.1" 200 34
::1 - - [16/Aug/2018:20:59:54 -0500] "GET /folder.js HTTP/1.1" 200 1273
::1 - - [16/Aug/2018:20:59:54 -0500] "GET /entities.js HTTP/1.1" 200 856
::1 - - [16/Aug/2018:20:59:54 -0500] "GET /jquery-2.1.4/jquery-2.1.4.js HTTP/1.1" 304 -
::1 - - [16/Aug/2018:20:59:54 -0500] "GET /angular-1.3.15/angular.js HTTP/1.1" 304 -
::1 - - [16/Aug/2018:21:04:29 -0500] "GET /entities.html HTTP/1.1" 200 1783
::1 - - [16/Aug/2018:21:04:29 -0500] "GET /jquery-2.1.4/jquery-2.1.4.js HTTP/1.1" 304 -
::1 - - [16/Aug/2018:21:04:29 -0500] "GET /angular-1.3.15/angular.js HTTP/1.1" 304 -
::1 - - [16/Aug/2018:21:04:29 -0500] "GET /angularModule.js HTTP/1.1" 304 -
::1 - - [16/Aug/2018:21:04:29 -0500] "GET /entities.js HTTP/1.1" 304 -
::1 - - [16/Aug/2018:21:04:29 -0500] "GET /folder.js HTTP/1.1" 304 -
::1 - - [16/Aug/2018:21:05:15 -0500] "GET /entities.html HTTP/1.1" 200 1796
::1 - - [16/Aug/2018:21:05:15 -0500] "GET /jquery-2.1.4/jquery-2.1.4.js HTTP/1.1" 304 -
::1 - - [16/Aug/2018:21:05:15 -0500] "GET /angular-1.3.15/angular.js HTTP/1.1" 304 -
::1 - - [16/Aug/2018:21:05:15 -0500] "GET /angularModule.js HTTP/1.1" 304 -
::1 - - [16/Aug/2018:21:05:15 -0500] "GET /folder.js HTTP/1.1" 304 -
::1 - - [16/Aug/2018:21:05:16 -0500] "GET /entities.js HTTP/1.1" 304 -
::1 - - [16/Aug/2018:21:11:23 -0500] "GET /entities.html HTTP/1.1" 304 -
::1 - - [16/Aug/2018:21:11:23 -0500] "GET /jquery-2.1.4/jquery-2.1.4.js HTTP/1.1" 304 -
::1 - - [16/Aug/2018:21:11:23 -0500] "GET /angularModule.js HTTP/1.1" 304 -
::1 - - [16/Aug/2018:21:11:23 -0500] "GET /angular-1.3.15/angular.js HTTP/1.1" 304 -
::1 - - [16/Aug/2018:21:11:23 -0500] "GET /entities.js HTTP/1.1" 200 856
::1 - - [16/Aug/2018:21:11:23 -0500] "GET /folder.js HTTP/1.1" 304 -
::1 - - [16/Aug/2018:21:14:28 -0500] "GET /entities.html HTTP/1.1" 200 1820
::1 - - [16/Aug/2018:21:14:28 -0500] "GET /jquery-2.1.4/jquery-2.1.4.js HTTP/1.1" 304 -
::1 - - [16/Aug/2018:21:14:28 -0500] "GET /angularModule.js HTTP/1.1" 304 -
::1 - - [16/Aug/2018:21:14:28 -0500] "GET /angular-1.3.15/angular.js HTTP/1.1" 304 -
::1 - - [16/Aug/2018:21:14:28 -0500] "GET /folder.js HTTP/1.1" 200 1291
::1 - - [16/Aug/2018:21:14:29 -0500] "GET /entities.js HTTP/1.1" 200 856
::1 - - [16/Aug/2018:21:14:56 -0500] "GET /entities.html HTTP/1.1" 304 -
::1 - - [16/Aug/2018:21:14:56 -0500] "GET /jquery-2.1.4/jquery-2.1.4.js HTTP/1.1" 304 -
::1 - - [16/Aug/2018:21:14:56 -0500] "GET /angular-1.3.15/angular.js HTTP/1.1" 304 -
::1 - - [16/Aug/2018:21:14:56 -0500] "GET /angularModule.js HTTP/1.1" 304 -
::1 - - [16/Aug/2018:21:14:56 -0500] "GET /entities.js HTTP/1.1" 304 -
::1 - - [16/Aug/2018:21:14:56 -0500] "GET /folder.js HTTP/1.1" 304 -
::1 - - [16/Aug/2018:21:15:00 -0500] "GET /folderSelect.php HTTP/1.1" 200 116
::1 - - [16/Aug/2018:21:16:34 -0500] "GET /entities.html HTTP/1.1" 304 -
::1 - - [16/Aug/2018:21:16:34 -0500] "GET /jquery-2.1.4/jquery-2.1.4.js HTTP/1.1" 304 -
::1 - - [16/Aug/2018:21:16:34 -0500] "GET /angularModule.js HTTP/1.1" 304 -
::1 - - [16/Aug/2018:21:16:34 -0500] "GET /angular-1.3.15/angular.js HTTP/1.1" 304 -
::1 - - [16/Aug/2018:21:16:34 -0500] "GET /folder.js HTTP/1.1" 200 1321
::1 - - [16/Aug/2018:21:16:34 -0500] "GET /entities.js HTTP/1.1" 200 856
::1 - - [16/Aug/2018:21:16:34 -0500] "GET /folderSelect.php HTTP/1.1" 200 116
::1 - - [17/Aug/2018:07:10:08 -0500] "GET /entities.html HTTP/1.1" 304 -
::1 - - [17/Aug/2018:07:10:08 -0500] "GET /angularModule.js HTTP/1.1" 304 -
::1 - - [17/Aug/2018:07:10:08 -0500] "GET /folder.js HTTP/1.1" 200 1320
::1 - - [17/Aug/2018:07:10:08 -0500] "GET /entities.js HTTP/1.1" 200 886
::1 - - [17/Aug/2018:07:10:08 -0500] "GET /jquery-2.1.4/jquery-2.1.4.js HTTP/1.1" 304 -
::1 - - [17/Aug/2018:07:10:08 -0500] "GET /angular-1.3.15/angular.js HTTP/1.1" 304 -
::1 - - [17/Aug/2018:07:10:09 -0500] "GET /folderSelect.php HTTP/1.1" 200 116
::1 - - [17/Aug/2018:07:10:57 -0500] "GET /entities.html HTTP/1.1" 304 -
::1 - - [17/Aug/2018:07:10:57 -0500] "GET /jquery-2.1.4/jquery-2.1.4.js HTTP/1.1" 304 -
::1 - - [17/Aug/2018:07:10:57 -0500] "GET /angular-1.3.15/angular.js HTTP/1.1" 304 -
::1 - - [17/Aug/2018:07:10:57 -0500] "GET /folder.js HTTP/1.1" 200 1320
::1 - - [17/Aug/2018:07:10:57 -0500] "GET /angularModule.js HTTP/1.1" 304 -
::1 - - [17/Aug/2018:07:10:57 -0500] "GET /entities.js HTTP/1.1" 200 886
::1 - - [17/Aug/2018:07:10:58 -0500] "GET /folderSelect.php HTTP/1.1" 200 116
::1 - - [17/Aug/2018:07:14:45 -0500] "GET /entities.html HTTP/1.1" 304 -
::1 - - [17/Aug/2018:07:14:46 -0500] "GET /jquery-2.1.4/jquery-2.1.4.js HTTP/1.1" 304 -
::1 - - [17/Aug/2018:07:14:46 -0500] "GET /angular-1.3.15/angular.js HTTP/1.1" 304 -
::1 - - [17/Aug/2018:07:14:46 -0500] "GET /angularModule.js HTTP/1.1" 304 -
::1 - - [17/Aug/2018:07:14:46 -0500] "GET /folder.js HTTP/1.1" 304 -
::1 - - [17/Aug/2018:07:14:46 -0500] "GET /entities.js HTTP/1.1" 200 902
::1 - - [17/Aug/2018:07:14:46 -0500] "GET /folderSelect.php HTTP/1.1" 200 116
::1 - - [17/Aug/2018:07:15:10 -0500] "GET /entities.html HTTP/1.1" 304 -
::1 - - [17/Aug/2018:07:15:10 -0500] "GET /jquery-2.1.4/jquery-2.1.4.js HTTP/1.1" 304 -
::1 - - [17/Aug/2018:07:15:10 -0500] "GET /angular-1.3.15/angular.js HTTP/1.1" 304 -
::1 - - [17/Aug/2018:07:15:10 -0500] "GET /angularModule.js HTTP/1.1" 304 -
::1 - - [17/Aug/2018:07:15:10 -0500] "GET /folder.js HTTP/1.1" 304 -
::1 - - [17/Aug/2018:07:15:10 -0500] "GET /entities.js HTTP/1.1" 304 -
::1 - - [17/Aug/2018:07:15:11 -0500] "GET /folderSelect.php HTTP/1.1" 200 116
::1 - - [17/Aug/2018:07:15:55 -0500] "GET /entities.html HTTP/1.1" 304 -
::1 - - [17/Aug/2018:07:15:55 -0500] "GET /jquery-2.1.4/jquery-2.1.4.js HTTP/1.1" 304 -
::1 - - [17/Aug/2018:07:15:55 -0500] "GET /angular-1.3.15/angular.js HTTP/1.1" 304 -
::1 - - [17/Aug/2018:07:15:55 -0500] "GET /angularModule.js HTTP/1.1" 304 -
::1 - - [17/Aug/2018:07:15:55 -0500] "GET /entities.js HTTP/1.1" 200 914
::1 - - [17/Aug/2018:07:15:55 -0500] "GET /folder.js HTTP/1.1" 304 -
::1 - - [17/Aug/2018:07:15:56 -0500] "GET /folderSelect.php HTTP/1.1" 200 116
::1 - - [17/Aug/2018:07:16:08 -0500] "GET /entities.html HTTP/1.1" 304 -
::1 - - [17/Aug/2018:07:16:08 -0500] "GET /jquery-2.1.4/jquery-2.1.4.js HTTP/1.1" 304 -
::1 - - [17/Aug/2018:07:16:08 -0500] "GET /angular-1.3.15/angular.js HTTP/1.1" 304 -
::1 - - [17/Aug/2018:07:16:08 -0500] "GET /angularModule.js HTTP/1.1" 304 -
::1 - - [17/Aug/2018:07:16:08 -0500] "GET /entities.js HTTP/1.1" 304 -
::1 - - [17/Aug/2018:07:16:08 -0500] "GET /folder.js HTTP/1.1" 304 -
::1 - - [17/Aug/2018:07:16:09 -0500] "GET /folderSelect.php HTTP/1.1" 200 116
::1 - - [17/Aug/2018:07:17:54 -0500] "GET /entities.html HTTP/1.1" 200 1840
::1 - - [17/Aug/2018:07:17:54 -0500] "GET /jquery-2.1.4/jquery-2.1.4.js HTTP/1.1" 304 -
::1 - - [17/Aug/2018:07:17:54 -0500] "GET /angular-1.3.15/angular.js HTTP/1.1" 304 -
::1 - - [17/Aug/2018:07:17:54 -0500] "GET /angularModule.js HTTP/1.1" 304 -
::1 - - [17/Aug/2018:07:17:54 -0500] "GET /folder.js HTTP/1.1" 304 -
::1 - - [17/Aug/2018:07:17:54 -0500] "GET /entities.js HTTP/1.1" 304 -
::1 - - [17/Aug/2018:07:17:55 -0500] "GET /folderSelect.php HTTP/1.1" 200 116
::1 - - [17/Aug/2018:07:18:04 -0500] "GET /entities.html HTTP/1.1" 304 -
::1 - - [17/Aug/2018:07:18:04 -0500] "GET /jquery-2.1.4/jquery-2.1.4.js HTTP/1.1" 304 -
::1 - - [17/Aug/2018:07:18:04 -0500] "GET /angularModule.js HTTP/1.1" 304 -
::1 - - [17/Aug/2018:07:18:04 -0500] "GET /folder.js HTTP/1.1" 304 -
::1 - - [17/Aug/2018:07:18:04 -0500] "GET /entities.js HTTP/1.1" 304 -
::1 - - [17/Aug/2018:07:18:04 -0500] "GET /angular-1.3.15/angular.js HTTP/1.1" 304 -
::1 - - [17/Aug/2018:07:18:05 -0500] "GET /folderSelect.php HTTP/1.1" 200 116
::1 - - [17/Aug/2018:07:18:21 -0500] "GET /entities.html HTTP/1.1" 304 -
::1 - - [17/Aug/2018:07:18:21 -0500] "GET /jquery-2.1.4/jquery-2.1.4.js HTTP/1.1" 304 -
::1 - - [17/Aug/2018:07:18:21 -0500] "GET /angular-1.3.15/angular.js HTTP/1.1" 304 -
::1 - - [17/Aug/2018:07:18:21 -0500] "GET /angularModule.js HTTP/1.1" 304 -
::1 - - [17/Aug/2018:07:18:21 -0500] "GET /entities.js HTTP/1.1" 304 -
::1 - - [17/Aug/2018:07:18:21 -0500] "GET /folder.js HTTP/1.1" 304 -
::1 - - [17/Aug/2018:07:18:21 -0500] "GET /folderSelect.php HTTP/1.1" 200 116
::1 - - [17/Aug/2018:07:18:25 -0500] "GET /entities.html HTTP/1.1" 304 -
::1 - - [17/Aug/2018:07:18:25 -0500] "GET /jquery-2.1.4/jquery-2.1.4.js HTTP/1.1" 304 -
::1 - - [17/Aug/2018:07:18:25 -0500] "GET /angular-1.3.15/angular.js HTTP/1.1" 304 -
::1 - - [17/Aug/2018:07:18:25 -0500] "GET /angularModule.js HTTP/1.1" 304 -
::1 - - [17/Aug/2018:07:18:25 -0500] "GET /folder.js HTTP/1.1" 304 -
::1 - - [17/Aug/2018:07:18:25 -0500] "GET /entities.js HTTP/1.1" 304 -
::1 - - [17/Aug/2018:07:18:26 -0500] "GET /folderSelect.php HTTP/1.1" 200 116
::1 - - [17/Aug/2018:07:19:32 -0500] "GET /entities.html HTTP/1.1" 200 1853
::1 - - [17/Aug/2018:07:19:32 -0500] "GET /jquery-2.1.4/jquery-2.1.4.js HTTP/1.1" 304 -
::1 - - [17/Aug/2018:07:19:32 -0500] "GET /angular-1.3.15/angular.js HTTP/1.1" 304 -
::1 - - [17/Aug/2018:07:19:32 -0500] "GET /angularModule.js HTTP/1.1" 304 -
::1 - - [17/Aug/2018:07:19:32 -0500] "GET /folder.js HTTP/1.1" 304 -
::1 - - [17/Aug/2018:07:19:32 -0500] "GET /entities.js HTTP/1.1" 304 -
::1 - - [17/Aug/2018:07:19:33 -0500] "GET /folderSelect.php HTTP/1.1" 200 116
::1 - - [17/Aug/2018:07:21:01 -0500] "GET /entities.html HTTP/1.1" 200 1859
::1 - - [17/Aug/2018:07:21:01 -0500] "GET /jquery-2.1.4/jquery-2.1.4.js HTTP/1.1" 304 -
::1 - - [17/Aug/2018:07:21:01 -0500] "GET /angular-1.3.15/angular.js HTTP/1.1" 304 -
::1 - - [17/Aug/2018:07:21:01 -0500] "GET /angularModule.js HTTP/1.1" 304 -
::1 - - [17/Aug/2018:07:21:01 -0500] "GET /folder.js HTTP/1.1" 304 -
::1 - - [17/Aug/2018:07:21:01 -0500] "GET /entities.js HTTP/1.1" 304 -
::1 - - [17/Aug/2018:07:21:02 -0500] "GET /folderSelect.php HTTP/1.1" 200 116
::1 - - [17/Aug/2018:07:25:16 -0500] "GET /entities.html HTTP/1.1" 304 -
::1 - - [17/Aug/2018:07:25:16 -0500] "GET /jquery-2.1.4/jquery-2.1.4.js HTTP/1.1" 304 -
::1 - - [17/Aug/2018:07:25:16 -0500] "GET /angular-1.3.15/angular.js HTTP/1.1" 304 -
::1 - - [17/Aug/2018:07:25:16 -0500] "GET /angularModule.js HTTP/1.1" 304 -
::1 - - [17/Aug/2018:07:25:16 -0500] "GET /folder.js HTTP/1.1" 200 1317
::1 - - [17/Aug/2018:07:25:16 -0500] "GET /entities.js HTTP/1.1" 200 911
::1 - - [17/Aug/2018:07:25:17 -0500] "GET /folderSelect.php HTTP/1.1" 200 116
::1 - - [17/Aug/2018:07:26:00 -0500] "GET /entities.html HTTP/1.1" 304 -
::1 - - [17/Aug/2018:07:26:00 -0500] "GET /jquery-2.1.4/jquery-2.1.4.js HTTP/1.1" 304 -
::1 - - [17/Aug/2018:07:26:00 -0500] "GET /angular-1.3.15/angular.js HTTP/1.1" 304 -
::1 - - [17/Aug/2018:07:26:00 -0500] "GET /entities.js HTTP/1.1" 200 911
::1 - - [17/Aug/2018:07:26:00 -0500] "GET /angularModule.js HTTP/1.1" 304 -
::1 - - [17/Aug/2018:07:26:00 -0500] "GET /folder.js HTTP/1.1" 304 -
::1 - - [17/Aug/2018:07:26:01 -0500] "GET /folderSelect.php HTTP/1.1" 200 116
::1 - - [17/Aug/2018:07:27:03 -0500] "GET /entities.html HTTP/1.1" 304 -
::1 - - [17/Aug/2018:07:27:03 -0500] "GET /jquery-2.1.4/jquery-2.1.4.js HTTP/1.1" 304 -
::1 - - [17/Aug/2018:07:27:03 -0500] "GET /angular-1.3.15/angular.js HTTP/1.1" 304 -
::1 - - [17/Aug/2018:07:27:03 -0500] "GET /angularModule.js HTTP/1.1" 304 -
::1 - - [17/Aug/2018:07:27:03 -0500] "GET /folder.js HTTP/1.1" 200 1326
::1 - - [17/Aug/2018:07:27:03 -0500] "GET /entities.js HTTP/1.1" 200 920
::1 - - [17/Aug/2018:07:27:04 -0500] "GET /folderSelect.php HTTP/1.1" 200 116
